
> @openwork/app@0.11.201 prebuild /Users/umasuo_m3pro/Desktop/startup/xingjing/worktrees/feature/TASK-memory-phase4/apps/app
> pnpm --dir ../../packages/ui build


> @openwork/ui@ build /Users/umasuo_m3pro/Desktop/startup/xingjing/worktrees/feature/TASK-memory-phase4/packages/ui
> tsup

CLI Building entry: {"react/index":"src/react/index.ts"}
CLI Using tsconfig: tsconfig.react.json
CLI Building entry: {"solid/index":"src/solid/index.ts"}
CLI Using tsconfig: tsconfig.solid.json
CLI tsup v8.5.1
CLI Using tsup config: /Users/umasuo_m3pro/Desktop/startup/xingjing/worktrees/feature/TASK-memory-phase4/packages/ui/tsup.config.ts
CLI tsup v8.5.1
CLI Using tsup config: /Users/umasuo_m3pro/Desktop/startup/xingjing/worktrees/feature/TASK-memory-phase4/packages/ui/tsup.config.ts
CLI Target: es2022
CLI Target: es2022
ESM Build start
CLI Cleaning output folder
ESM Build start
ESM dist/react/index.js 14.41 KB
ESM ⚡️ Build success in 65ms
ESM dist/solid/index.js 17.76 KB
ESM ⚡️ Build success in 68ms
DTS Build start
DTS Build start
DTS ⚡️ Build success in 692ms
DTS dist/react/index.d.ts 2.84 KB
DTS ⚡️ Build success in 819ms
DTS dist/solid/index.d.ts 3.65 KB

> @openwork/app@0.11.201 build /Users/umasuo_m3pro/Desktop/startup/xingjing/worktrees/feature/TASK-memory-phase4/apps/app
> vite build

vite v6.4.1 building for production...
transforming...
✓ 2790 modules transformed.
rendering chunks...
computing gzip size...
dist/index.html                                 1.84 kB │ gzip:   0.72 kB
dist/assets/index-DDFvM0c0.css                218.11 kB │ gzip:  44.29 kB
dist/assets/index-B8rbb-e6.js                   0.12 kB │ gzip:   0.13 kB
dist/assets/index-DkQ563B5.js                   0.29 kB │ gzip:   0.18 kB
dist/assets/lock-D5UeZtPi.js                    0.29 kB │ gzip:   0.25 kB
dist/assets/index-77vcCtl3.js                   0.34 kB │ gzip:   0.22 kB
dist/assets/pencil-v0n_ghC2.js                  0.36 kB │ gzip:   0.28 kB
dist/assets/send-Bb0FHcgo.js                    0.38 kB │ gzip:   0.29 kB
dist/assets/flask-conical-DmgQRNsM.js           0.39 kB │ gzip:   0.29 kB
dist/assets/save-gB5jv6Id.js                    0.42 kB │ gzip:   0.28 kB
dist/assets/index-INBTBN_R.js                   0.56 kB │ gzip:   0.27 kB
dist/assets/contracts-CIgS1n8o.js               1.06 kB │ gzip:   0.39 kB
dist/assets/event-BC8TvpKC.js                   1.33 kB │ gzip:   0.66 kB
dist/assets/core-DxBnVPgq.js                    1.66 kB │ gzip:   0.73 kB
dist/assets/index-Bts4Go76.js                   2.14 kB │ gzip:   0.78 kB
dist/assets/mode-select-BhkxeuVh.js             2.31 kB │ gzip:   1.15 kB
dist/assets/knowledge-health-BfI_C5un.js        2.91 kB │ gzip:   1.49 kB
dist/assets/settings-DvNRSH8l.js                3.52 kB │ gzip:   1.35 kB
dist/assets/autopilot-DAiH8hA0.js               5.14 kB │ gzip:   2.45 kB
dist/assets/sprint-plan-aNRXytf3.js             6.41 kB │ gzip:   2.48 kB
dist/assets/pr-submit-2NTH4oDQ.js               7.59 kB │ gzip:   3.00 kB
dist/assets/index-DIU0rLVc.js                   9.04 kB │ gzip:   3.55 kB
dist/assets/index-tGiXpbY3.js                   9.34 kB │ gzip:   3.55 kB
dist/assets/agentWorkshop-I5rh27qK.js           9.75 kB │ gzip:   3.67 kB
dist/assets/index-Da8Y7Ilc.js                  10.32 kB │ gzip:   4.02 kB
dist/assets/prd-editor-C_ObxDV7.js             11.48 kB │ gzip:   3.61 kB
dist/assets/index-CM-_-A46.js                  12.57 kB │ gzip:   4.21 kB
dist/assets/index-BjlRIT8c.js                  12.86 kB │ gzip:   4.85 kB
dist/assets/index-AVSYxP0K.js                  12.96 kB │ gzip:   4.68 kB
dist/assets/index-DbC-ea4S.js                  14.05 kB │ gzip:   4.87 kB
dist/assets/index-BEeBVT7t.js                  16.54 kB │ gzip:   5.90 kB
dist/assets/index-D5jm56BH.js                  16.70 kB │ gzip:   6.04 kB
dist/assets/solo-Bdj5d-hn.js                   17.57 kB │ gzip:   7.21 kB
dist/assets/index-DbdPdek4.js                  20.41 kB │ gzip:   5.97 kB
dist/assets/routing-BD8k_t4R.js                35.19 kB │ gzip:  13.83 kB
dist/assets/index-BDE_3F6o.js                  36.03 kB │ gzip:  10.99 kB
dist/assets/index-C8j1iCvi.js                  36.75 kB │ gzip:  10.92 kB
dist/assets/index-CaDnOrkE.js                  37.41 kB │ gzip:  11.72 kB
dist/assets/index-CGblsF0e.js                  37.77 kB │ gzip:  11.60 kB
dist/assets/index-S9JcpC9Z.js                  40.57 kB │ gzip:  11.46 kB
dist/assets/index-CSPWaNjK.js                  41.11 kB │ gzip:  13.25 kB
dist/assets/index-qJ-Hbc6M.js                  43.20 kB │ gzip:  13.34 kB
dist/assets/index-k-bhs952.js                  56.87 kB │ gzip:  19.75 kB
dist/assets/index-CYhbYGTK.js                  58.60 kB │ gzip:  17.49 kB
dist/assets/index-DwobaMsi.js                  90.71 kB │ gzip:  26.73 kB
dist/assets/xingjing-native-DCdAvWUr.js       281.27 kB │ gzip:  86.06 kB
dist/assets/artifact-workspace-Bp0kbMPv.js    457.01 kB │ gzip: 158.15 kB
dist/assets/echarts-D25B-xFr.js             1,036.70 kB │ gzip: 342.92 kB
dist/assets/index-D4GZJwT_.js               1,363.47 kB │ gzip: 354.48 kB

(!) Some chunks are larger than 500 kB after minification. Consider:
- Using dynamic import() to code-split the application
- Use build.rollupOptions.output.manualChunks to improve chunking: https://rollupjs.org/configuration-options/#output-manualchunks
- Adjust chunk size limit for this warning via build.chunkSizeWarningLimit.
✓ built in 12.13s
